{"name":"Checking login to the email and sending the mail","status":"broken","statusDetails":{"known":false,"muted":false,"flaky":false,"message":"Expected condition failed: waiting for visibility of all elements located by By.xpath: //a[contains(text(), 'hfdhh')] (tried for 40 second(s) with 500 milliseconds interval)\nBuild info: version: '3.14.0', revision: 'aacccce0', time: '2018-08-02T20:19:58.91Z'\nSystem info: host: 'DESKTOP-AAJ02US', ip: '192.168.0.101', os.name: 'Windows 10', os.arch: 'amd64', os.version: '10.0', java.version: '1.8.0_161'\nDriver info: org.openqa.selenium.chrome.ChromeDriver\nCapabilities {acceptInsecureCerts: false, browserName: chrome, browserVersion: 80.0.3987.149, chrome: {chromedriverVersion: 80.0.3987.106 (f68069574609..., userDataDir: C:\\Users\\Rusuk\\AppData\\Loca...}, goog:chromeOptions: {debuggerAddress: localhost:49921}, javascriptEnabled: true, networkConnectionEnabled: false, pageLoadStrategy: normal, platform: WINDOWS, platformName: WINDOWS, proxy: Proxy(), setWindowRect: true, strictFileInteractability: false, timeouts: {implicit: 0, pageLoad: 300000, script: 30000}, unhandledPromptBehavior: dismiss and notify}\nSession ID: 2960805e5b3a2207aa2f995737d5217f","trace":"org.openqa.selenium.TimeoutException: Expected condition failed: waiting for visibility of all elements located by By.xpath: //a[contains(text(), 'hfdhh')] (tried for 40 second(s) with 500 milliseconds interval)\nBuild info: version: '3.14.0', revision: 'aacccce0', time: '2018-08-02T20:19:58.91Z'\nSystem info: host: 'DESKTOP-AAJ02US', ip: '192.168.0.101', os.name: 'Windows 10', os.arch: 'amd64', os.version: '10.0', java.version: '1.8.0_161'\nDriver info: org.openqa.selenium.chrome.ChromeDriver\nCapabilities {acceptInsecureCerts: false, browserName: chrome, browserVersion: 80.0.3987.149, chrome: {chromedriverVersion: 80.0.3987.106 (f68069574609..., userDataDir: C:\\Users\\Rusuk\\AppData\\Loca...}, goog:chromeOptions: {debuggerAddress: localhost:49921}, javascriptEnabled: true, networkConnectionEnabled: false, pageLoadStrategy: normal, platform: WINDOWS, platformName: WINDOWS, proxy: Proxy(), setWindowRect: true, strictFileInteractability: false, timeouts: {implicit: 0, pageLoad: 300000, script: 30000}, unhandledPromptBehavior: dismiss and notify}\nSession ID: 2960805e5b3a2207aa2f995737d5217f\r\n\tat org.openqa.selenium.support.ui.WebDriverWait.timeoutException(WebDriverWait.java:113)\r\n\tat org.openqa.selenium.support.ui.FluentWait.until(FluentWait.java:283)\r\n\tat pages.BasePage.waitVisibility(BasePage.java:22)\r\n\tat pages.BasePage.readText(BasePage.java:47)\r\n\tat pages.UkrNetHomePage.checkingPresenceEmailInFolder(UkrNetHomePage.java:58)\r\n\tat pages.UkrNetHomePage.checkingPresenceEmailInSentFolder(UkrNetHomePage.java:64)\r\n\tat tests.SendEmailTest.checkingLoginToTheEmailAndSendingTheMail(SendEmailTest.java:34)\r\n\tat sun.reflect.NativeMethodAccessorImpl.invoke0(Native Method)\r\n\tat sun.reflect.NativeMethodAccessorImpl.invoke(NativeMethodAccessorImpl.java:62)\r\n\tat sun.reflect.DelegatingMethodAccessorImpl.invoke(DelegatingMethodAccessorImpl.java:43)\r\n\tat java.lang.reflect.Method.invoke(Method.java:498)\r\n\tat org.testng.internal.MethodInvocationHelper.invokeMethod(MethodInvocationHelper.java:124)\r\n\tat org.testng.internal.Invoker.invokeMethod(Invoker.java:583)\r\n\tat org.testng.internal.Invoker.invokeTestMethod(Invoker.java:719)\r\n\tat org.testng.internal.Invoker.invokeTestMethods(Invoker.java:989)\r\n\tat org.testng.internal.TestMethodWorker.invokeTestMethods(TestMethodWorker.java:125)\r\n\tat org.testng.internal.TestMethodWorker.run(TestMethodWorker.java:109)\r\n\tat org.testng.TestRunner.privateRun(TestRunner.java:648)\r\n\tat org.testng.TestRunner.run(TestRunner.java:505)\r\n\tat org.testng.SuiteRunner.runTest(SuiteRunner.java:455)\r\n\tat org.testng.SuiteRunner.runSequentially(SuiteRunner.java:450)\r\n\tat org.testng.SuiteRunner.privateRun(SuiteRunner.java:415)\r\n\tat org.testng.SuiteRunner.run(SuiteRunner.java:364)\r\n\tat org.testng.SuiteRunnerWorker.runSuite(SuiteRunnerWorker.java:52)\r\n\tat org.testng.SuiteRunnerWorker.run(SuiteRunnerWorker.java:84)\r\n\tat org.testng.TestNG.runSuitesSequentially(TestNG.java:1208)\r\n\tat org.testng.TestNG.runSuitesLocally(TestNG.java:1137)\r\n\tat org.testng.TestNG.runSuites(TestNG.java:1049)\r\n\tat org.testng.TestNG.run(TestNG.java:1017)\r\n\tat org.testng.IDEARemoteTestNG.run(IDEARemoteTestNG.java:72)\r\n\tat org.testng.RemoteTestNGStarter.main(RemoteTestNGStarter.java:123)\r\n"},"stage":"finished","steps":[{"name":"Open login page","status":"passed","stage":"finished","steps":[],"attachments":[],"parameters":[],"start":1584985409807,"stop":1584985410820},{"name":"Login to mail with login: UAtestAPI@ukr.net, password: qwerty1234567!@#$%^& ","status":"passed","stage":"finished","steps":[{"name":"Go to UkrNetHomePage","status":"passed","stage":"finished","steps":[],"attachments":[],"parameters":[],"start":1584985411752,"stop":1584985411913}],"attachments":[],"parameters":[{"name":"username","value":"UAtestAPI@ukr.net"},{"name":"password","value":"qwerty1234567!@#$%^&"}],"start":1584985410826,"stop":1584985411914},{"name":"Creating and sending email to: EFZIl@yopmail.com with title: IcYdbFWRAD and body: ROdMTIEvldTGrzTPucCbfaGjfatWMDzfyGFLMjqYPUtDBBdBFwxzJvipIXsZnZpOilQlvWstnPJlnmbxhDvntwoXZgDlfTBCTchOThhcYbEOUkEgPVsdxTHRAmWSVMvECHmqkCrdTdwEMMlDbkbhSn","status":"passed","stage":"finished","steps":[],"attachments":[],"parameters":[{"name":"receiver","value":"EFZIl@yopmail.com"},{"name":"title","value":"IcYdbFWRAD"},{"name":"letter","value":"ROdMTIEvldTGrzTPucCbfaGjfatWMDzfyGFLMjqYPUtDBBdBFwxzJvipIXsZnZpOilQlvWstnPJlnmbxhDvntwoXZgDlfTBCTchOThhcYbEOUkEgPVsdxTHRAmWSVMvECHmqkCrdTdwEMMlDbkbhSn"}],"start":1584985411914,"stop":1584985418754},{"name":"Verify sending letter Popup presence","status":"passed","stage":"finished","steps":[],"attachments":[],"parameters":[],"start":1584985418754,"stop":1584985420530},{"name":"Checking presence email in Send folder","status":"broken","statusDetails":{"known":false,"muted":false,"flaky":false,"message":"Expected condition failed: waiting for visibility of all elements located by By.xpath: //a[contains(text(), 'hfdhh')] (tried for 40 second(s) with 500 milliseconds interval)\nBuild info: version: '3.14.0', revision: 'aacccce0', time: '2018-08-02T20:19:58.91Z'\nSystem info: host: 'DESKTOP-AAJ02US', ip: '192.168.0.101', os.name: 'Windows 10', os.arch: 'amd64', os.version: '10.0', java.version: '1.8.0_161'\nDriver info: org.openqa.selenium.chrome.ChromeDriver\nCapabilities {acceptInsecureCerts: false, browserName: chrome, browserVersion: 80.0.3987.149, chrome: {chromedriverVersion: 80.0.3987.106 (f68069574609..., userDataDir: C:\\Users\\Rusuk\\AppData\\Loca...}, goog:chromeOptions: {debuggerAddress: localhost:49921}, javascriptEnabled: true, networkConnectionEnabled: false, pageLoadStrategy: normal, platform: WINDOWS, platformName: WINDOWS, proxy: Proxy(), setWindowRect: true, strictFileInteractability: false, timeouts: {implicit: 0, pageLoad: 300000, script: 30000}, unhandledPromptBehavior: dismiss and notify}\nSession ID: 2960805e5b3a2207aa2f995737d5217f","trace":"org.openqa.selenium.TimeoutException: Expected condition failed: waiting for visibility of all elements located by By.xpath: //a[contains(text(), 'hfdhh')] (tried for 40 second(s) with 500 milliseconds interval)\nBuild info: version: '3.14.0', revision: 'aacccce0', time: '2018-08-02T20:19:58.91Z'\nSystem info: host: 'DESKTOP-AAJ02US', ip: '192.168.0.101', os.name: 'Windows 10', os.arch: 'amd64', os.version: '10.0', java.version: '1.8.0_161'\nDriver info: org.openqa.selenium.chrome.ChromeDriver\nCapabilities {acceptInsecureCerts: false, browserName: chrome, browserVersion: 80.0.3987.149, chrome: {chromedriverVersion: 80.0.3987.106 (f68069574609..., userDataDir: C:\\Users\\Rusuk\\AppData\\Loca...}, goog:chromeOptions: {debuggerAddress: localhost:49921}, javascriptEnabled: true, networkConnectionEnabled: false, pageLoadStrategy: normal, platform: WINDOWS, platformName: WINDOWS, proxy: Proxy(), setWindowRect: true, strictFileInteractability: false, timeouts: {implicit: 0, pageLoad: 300000, script: 30000}, unhandledPromptBehavior: dismiss and notify}\nSession ID: 2960805e5b3a2207aa2f995737d5217f\r\n\tat org.openqa.selenium.support.ui.WebDriverWait.timeoutException(WebDriverWait.java:113)\r\n\tat org.openqa.selenium.support.ui.FluentWait.until(FluentWait.java:283)\r\n\tat pages.BasePage.waitVisibility(BasePage.java:22)\r\n\tat pages.BasePage.readText(BasePage.java:47)\r\n\tat pages.UkrNetHomePage.checkingPresenceEmailInFolder(UkrNetHomePage.java:58)\r\n\tat pages.UkrNetHomePage.checkingPresenceEmailInSentFolder(UkrNetHomePage.java:64)\r\n\tat tests.SendEmailTest.checkingLoginToTheEmailAndSendingTheMail(SendEmailTest.java:34)\r\n\tat sun.reflect.NativeMethodAccessorImpl.invoke0(Native Method)\r\n\tat sun.reflect.NativeMethodAccessorImpl.invoke(NativeMethodAccessorImpl.java:62)\r\n\tat sun.reflect.DelegatingMethodAccessorImpl.invoke(DelegatingMethodAccessorImpl.java:43)\r\n\tat java.lang.reflect.Method.invoke(Method.java:498)\r\n\tat org.testng.internal.MethodInvocationHelper.invokeMethod(MethodInvocationHelper.java:124)\r\n\tat org.testng.internal.Invoker.invokeMethod(Invoker.java:583)\r\n\tat org.testng.internal.Invoker.invokeTestMethod(Invoker.java:719)\r\n\tat org.testng.internal.Invoker.invokeTestMethods(Invoker.java:989)\r\n\tat org.testng.internal.TestMethodWorker.invokeTestMethods(TestMethodWorker.java:125)\r\n\tat org.testng.internal.TestMethodWorker.run(TestMethodWorker.java:109)\r\n\tat org.testng.TestRunner.privateRun(TestRunner.java:648)\r\n\tat org.testng.TestRunner.run(TestRunner.java:505)\r\n\tat org.testng.SuiteRunner.runTest(SuiteRunner.java:455)\r\n\tat org.testng.SuiteRunner.runSequentially(SuiteRunner.java:450)\r\n\tat org.testng.SuiteRunner.privateRun(SuiteRunner.java:415)\r\n\tat org.testng.SuiteRunner.run(SuiteRunner.java:364)\r\n\tat org.testng.SuiteRunnerWorker.runSuite(SuiteRunnerWorker.java:52)\r\n\tat org.testng.SuiteRunnerWorker.run(SuiteRunnerWorker.java:84)\r\n\tat org.testng.TestNG.runSuitesSequentially(TestNG.java:1208)\r\n\tat org.testng.TestNG.runSuitesLocally(TestNG.java:1137)\r\n\tat org.testng.TestNG.runSuites(TestNG.java:1049)\r\n\tat org.testng.TestNG.run(TestNG.java:1017)\r\n\tat org.testng.IDEARemoteTestNG.run(IDEARemoteTestNG.java:72)\r\n\tat org.testng.RemoteTestNGStarter.main(RemoteTestNGStarter.java:123)\r\n"},"stage":"finished","steps":[{"name":"Checking presence email by subject: hfdhh in folder","status":"broken","statusDetails":{"known":false,"muted":false,"flaky":false,"message":"Expected condition failed: waiting for visibility of all elements located by By.xpath: //a[contains(text(), 'hfdhh')] (tried for 40 second(s) with 500 milliseconds interval)\nBuild info: version: '3.14.0', revision: 'aacccce0', time: '2018-08-02T20:19:58.91Z'\nSystem info: host: 'DESKTOP-AAJ02US', ip: '192.168.0.101', os.name: 'Windows 10', os.arch: 'amd64', os.version: '10.0', java.version: '1.8.0_161'\nDriver info: org.openqa.selenium.chrome.ChromeDriver\nCapabilities {acceptInsecureCerts: false, browserName: chrome, browserVersion: 80.0.3987.149, chrome: {chromedriverVersion: 80.0.3987.106 (f68069574609..., userDataDir: C:\\Users\\Rusuk\\AppData\\Loca...}, goog:chromeOptions: {debuggerAddress: localhost:49921}, javascriptEnabled: true, networkConnectionEnabled: false, pageLoadStrategy: normal, platform: WINDOWS, platformName: WINDOWS, proxy: Proxy(), setWindowRect: true, strictFileInteractability: false, timeouts: {implicit: 0, pageLoad: 300000, script: 30000}, unhandledPromptBehavior: dismiss and notify}\nSession ID: 2960805e5b3a2207aa2f995737d5217f","trace":"org.openqa.selenium.TimeoutException: Expected condition failed: waiting for visibility of all elements located by By.xpath: //a[contains(text(), 'hfdhh')] (tried for 40 second(s) with 500 milliseconds interval)\nBuild info: version: '3.14.0', revision: 'aacccce0', time: '2018-08-02T20:19:58.91Z'\nSystem info: host: 'DESKTOP-AAJ02US', ip: '192.168.0.101', os.name: 'Windows 10', os.arch: 'amd64', os.version: '10.0', java.version: '1.8.0_161'\nDriver info: org.openqa.selenium.chrome.ChromeDriver\nCapabilities {acceptInsecureCerts: false, browserName: chrome, browserVersion: 80.0.3987.149, chrome: {chromedriverVersion: 80.0.3987.106 (f68069574609..., userDataDir: C:\\Users\\Rusuk\\AppData\\Loca...}, goog:chromeOptions: {debuggerAddress: localhost:49921}, javascriptEnabled: true, networkConnectionEnabled: false, pageLoadStrategy: normal, platform: WINDOWS, platformName: WINDOWS, proxy: Proxy(), setWindowRect: true, strictFileInteractability: false, timeouts: {implicit: 0, pageLoad: 300000, script: 30000}, unhandledPromptBehavior: dismiss and notify}\nSession ID: 2960805e5b3a2207aa2f995737d5217f\r\n\tat org.openqa.selenium.support.ui.WebDriverWait.timeoutException(WebDriverWait.java:113)\r\n\tat org.openqa.selenium.support.ui.FluentWait.until(FluentWait.java:283)\r\n\tat pages.BasePage.waitVisibility(BasePage.java:22)\r\n\tat pages.BasePage.readText(BasePage.java:47)\r\n\tat pages.UkrNetHomePage.checkingPresenceEmailInFolder(UkrNetHomePage.java:58)\r\n\tat pages.UkrNetHomePage.checkingPresenceEmailInSentFolder(UkrNetHomePage.java:64)\r\n\tat tests.SendEmailTest.checkingLoginToTheEmailAndSendingTheMail(SendEmailTest.java:34)\r\n\tat sun.reflect.NativeMethodAccessorImpl.invoke0(Native Method)\r\n\tat sun.reflect.NativeMethodAccessorImpl.invoke(NativeMethodAccessorImpl.java:62)\r\n\tat sun.reflect.DelegatingMethodAccessorImpl.invoke(DelegatingMethodAccessorImpl.java:43)\r\n\tat java.lang.reflect.Method.invoke(Method.java:498)\r\n\tat org.testng.internal.MethodInvocationHelper.invokeMethod(MethodInvocationHelper.java:124)\r\n\tat org.testng.internal.Invoker.invokeMethod(Invoker.java:583)\r\n\tat org.testng.internal.Invoker.invokeTestMethod(Invoker.java:719)\r\n\tat org.testng.internal.Invoker.invokeTestMethods(Invoker.java:989)\r\n\tat org.testng.internal.TestMethodWorker.invokeTestMethods(TestMethodWorker.java:125)\r\n\tat org.testng.internal.TestMethodWorker.run(TestMethodWorker.java:109)\r\n\tat org.testng.TestRunner.privateRun(TestRunner.java:648)\r\n\tat org.testng.TestRunner.run(TestRunner.java:505)\r\n\tat org.testng.SuiteRunner.runTest(SuiteRunner.java:455)\r\n\tat org.testng.SuiteRunner.runSequentially(SuiteRunner.java:450)\r\n\tat org.testng.SuiteRunner.privateRun(SuiteRunner.java:415)\r\n\tat org.testng.SuiteRunner.run(SuiteRunner.java:364)\r\n\tat org.testng.SuiteRunnerWorker.runSuite(SuiteRunnerWorker.java:52)\r\n\tat org.testng.SuiteRunnerWorker.run(SuiteRunnerWorker.java:84)\r\n\tat org.testng.TestNG.runSuitesSequentially(TestNG.java:1208)\r\n\tat org.testng.TestNG.runSuitesLocally(TestNG.java:1137)\r\n\tat org.testng.TestNG.runSuites(TestNG.java:1049)\r\n\tat org.testng.TestNG.run(TestNG.java:1017)\r\n\tat org.testng.IDEARemoteTestNG.run(IDEARemoteTestNG.java:72)\r\n\tat org.testng.RemoteTestNGStarter.main(RemoteTestNGStarter.java:123)\r\n"},"stage":"finished","steps":[],"attachments":[],"parameters":[{"name":"folderName","value":"By.id: 10001"},{"name":"emailSubject","value":"hfdhh"},{"name":"message","value":"Email by subject: hfdhh is absent in folder: Sent"}],"start":1584985420531,"stop":1584985461026}],"attachments":[],"parameters":[{"name":"emailSubject","value":"hfdhh"}],"start":1584985420531,"stop":1584985461027}],"attachments":[{"name":"Page screenshot","source":"5763dfd5-0864-4af6-a764-b96be11048eb-attachment","type":"image/png"},{"name":"checkingLoginToTheEmailAndSendingTheMail failed and screenshot taken!","source":"307512c6-2da2-4b4f-929b-fffda989e4cf-attachment","type":"text/plain"}],"parameters":[],"start":1584985409709,"stop":1584985462174,"uuid":"e48de40e-65af-490f-9242-030fe2bb1ed7","historyId":"2ee3194db14ec7076194ddc5867eec3f","fullName":"tests.SendEmailTest.checkingLoginToTheEmailAndSendingTheMail","labels":[{"name":"package","value":"tests.SendEmailTest"},{"name":"testClass","value":"tests.SendEmailTest"},{"name":"testMethod","value":"checkingLoginToTheEmailAndSendingTheMail"},{"name":"parentSuite","value":"Default Suite"},{"name":"suite","value":"UKEESStest"},{"name":"subSuite","value":"tests.SendEmailTest"},{"name":"host","value":"DESKTOP-AAJ02US"},{"name":"thread","value":"3372@DESKTOP-AAJ02US.main(1)"},{"name":"framework","value":"testng"},{"name":"language","value":"java"},{"name":"epic","value":"Functional test"},{"name":"feature","value":"Login test"},{"name":"feature","value":"Send email test"}],"links":[]}